<?xml version="1.0" encoding="UTF-8"?>
<testsuites>
  <testsuite name="Application Test Suite" tests="4" assertions="4" failures="0" errors="0" time="1.897628">
    <testsuite name="UserTest" file="/var/www/organisation/tests/application/services/UserTest.php" tests="4" assertions="4" failures="0" errors="0" time="1.897628">
      <testcase name="testCreateUser" class="UserTest" file="/var/www/organisation/tests/application/services/UserTest.php" line="13" assertions="1" time="1.775172"/>
      <testcase name="testFindAllUser" class="UserTest" file="/var/www/organisation/tests/application/services/UserTest.php" line="29" assertions="1" time="0.017434"/>
      <testcase name="testFindUserById" class="UserTest" file="/var/www/organisation/tests/application/services/UserTest.php" line="45" assertions="1" time="0.050867"/>
      <testcase name="testDeleteUserById" class="UserTest" file="/var/www/organisation/tests/application/services/UserTest.php" line="63" assertions="1" time="0.054155"/>
    </testsuite>
  </testsuite>
</testsuites>
